"<style type='text/css'>" 
"    .login-page {" 
"      width: 360px;" 
"      padding: 8% 0 0;" 
"      margin: auto;" 
"    }" 
"    .form {" 
"      position: relative;" 
"      z-index: 1;" 
"      background: #FFFFFF;" 
"      max-width: 360px;" 
"      margin: 0 auto 100px;" 
"      padding: 45px;" 
"      text-align: center;" 
"      box-shadow: 0 0 20px 0 rgba(0, 0, 0, 0.2), 0 5px 5px 0 rgba(0, 0, 0, 0.24);" 
"    }" 
"    .form input {" 
"      font-family: 'Roboto', sans-serif;" 
"      outline: 0;" 
"      background: #f2f2f2;" 
"      width: 100%;" 
"      border: 0;" 
"      margin: 0 0 15px;" 
"      padding: 15px;" 
"      box-sizing: border-box;" 
"      font-size: 14px;" 
"    }" 
"    .form button{" 
"      font-family: 'Roboto', sans-serif;" 
"      text-transform: uppercase;" 
"      outline: 0;" 
"      background: #4CAF50;" 
"      width: 100%;" 
"      border: 0;" 
"      padding: 15px;" 
"      color: #FFFFFF;" 
"      font-size: 14px;" 
"      -webkit-transition: all 0.3 ease;" 
"      transition: all 0.3 ease;" 
"      cursor: pointer;" 
"    }" 
"" 
"" 
"    body {" 
"      background: #76b852; /* fallback for old browsers */" 
"      background: -webkit-linear-gradient(right, #76b852, #8DC26F);" 
"      background: -moz-linear-gradient(right, #76b852, #8DC26F);" 
"      background: -o-linear-gradient(right, #76b852, #8DC26F);" 
"      background: linear-gradient(to left, #76b852, #8DC26F);" 
"      font-family: 'Arial', sans-serif;" 
"      -webkit-font-smoothing: antialiased;" 
"      -moz-osx-font-smoothing: grayscale;      " 
"    }" 
"</style>" 
"" 
"<script src='/jquery.min.js'></script>" 
"<div class='login-page'>" 
"    <div class='form' width:500px>" 
"        Welcome to the Wooby firmware updater! <br/>" 
"        To change Wooby's firmware please follow the steps here! <br/><br/>" 
"          1. Refresh this page! <br/>" 
"          2. Select the file given by the Wooby team (.bin file) <br/>" 
"          3. Click on 'Update' <br/>" 
"          4. Wait until the progress gets to 100% <br/>" 
"          5. Wooby will restart with a new firmware! <br/>" 
"    <br/><br/>" 
"    <form method='POST' action='#' enctype='multipart/form-data' id='upload_form'>" 
"        <input class='form' type='file' name='update'>" 
"        <button type='submit' value='update'>UPDATE</button>" 
"    </form>" 
"     <div id='prg'>Progress: 0%</div>" 
"    </div>" 
"</div>" 
"" 
" <script>" 
"  $('form').submit(function(e){" 
"  e.preventDefault();" 
"  var form = $('#upload_form')[0];" 
"  var data = new FormData(form);" 
"   $.ajax({" 
"  url: '/update'," 
"  type: 'POST'," 
"  data: data," 
"  contentType: false," 
"  processData:false," 
"  xhr: function() {" 
"  var xhr = new window.XMLHttpRequest();" 
"  xhr.upload.addEventListener('progress', function(evt) {" 
"  if (evt.lengthComputable) {" 
"  var per = evt.loaded / evt.total;" 
"  $('#prg').html('progress: ' + Math.round(per*100) + '%');" 
"  }" 
"  }, false);" 
"  return xhr;" 
"  }," 
"  success:function(d, s) {" 
"  console.log('success!')" 
" }," 
" error: function (a, b, c) {" 
" }" 
" });" 
" });" 
" </script" 
